This is pdfTeX, Version 3.141592653-2.6-1.40.28 (TeX Live 2025) (preloaded format=pdflatex 2025.12.10)  12 DEC 2025 11:39
entering extended mode
 restricted \write18 enabled.
 file:line:error style messages enabled.
 %&-line parsing enabled.
**d:/Paper/A_Graph_Based_and_Metaheuristic_Approach_to_the_2D_Shortest_Superstring_Problem/main.tex
(d:/Paper/A_Graph_Based_and_Metaheuristic_Approach_to_the_2D_Shortest_Superstring_Problem/main.tex
LaTeX2e <2025-11-01>
L3 programming layer <2025-11-14>
(./cas-dc.cls
Document Class: cas-dc 2021/05/11, 2.3: Formatting class for CAS double column articles
\c@blind=\count275
\@bls=\dimen148
(d:/Paper/texlive/2025/texmf-dist/tex/latex/base/article.cls
Document Class: article 2025/01/22 v1.4n Standard LaTeX document class
(d:/Paper/texlive/2025/texmf-dist/tex/latex/base/fleqn.clo
File: fleqn.clo 2016/12/29 v1.2b Standard LaTeX option (flush left equations)
\mathindent=\skip49
Applying: [2015/01/01] Make \[ robust on input line 50.
LaTeX Info: Redefining \[ on input line 51.
Already applied: [0000/00/00] Make \[ robust on input line 62.
Applying: [2015/01/01] Make \] robust on input line 74.
LaTeX Info: Redefining \] on input line 75.
Already applied: [0000/00/00] Make \] robust on input line 83.
) (d:/Paper/texlive/2025/texmf-dist/tex/latex/base/size10.clo
File: size10.clo 2025/01/22 v1.4n Standard LaTeX file (size option)
)
\c@part=\count276
\c@section=\count277
\c@subsection=\count278
\c@subsubsection=\count279
\c@paragraph=\count280
\c@subparagraph=\count281
\c@figure=\count282
\c@table=\count283
\abovecaptionskip=\skip50
\belowcaptionskip=\skip51
\bibindent=\dimen149
) (d:/Paper/texlive/2025/texmf-dist/tex/latex/graphics/graphicx.sty
Package: graphicx 2024/12/31 v1.2e Enhanced LaTeX Graphics (DPC,SPQR)
 (d:/Paper/texlive/2025/texmf-dist/tex/latex/graphics/keyval.sty
Package: keyval 2022/05/29 v1.15 key=value parser (DPC)
\KV@toks@=\toks17
) (d:/Paper/texlive/2025/texmf-dist/tex/latex/graphics/graphics.sty
Package: graphics 2024/08/06 v1.4g Standard LaTeX Graphics (DPC,SPQR)
 (d:/Paper/texlive/2025/texmf-dist/tex/latex/graphics/trig.sty
Package: trig 2023/12/02 v1.11 sin cos tan (DPC)
) (d:/Paper/texlive/2025/texmf-dist/tex/latex/graphics-cfg/graphics.cfg
File: graphics.cfg 2016/06/04 v1.11 sample graphics configuration
)
Package graphics Info: Driver file: pdftex.def on input line 106.
 (d:/Paper/texlive/2025/texmf-dist/tex/latex/graphics-def/pdftex.def
File: pdftex.def 2025/09/29 v1.2d Graphics/color driver for pdftex
))
\Gin@req@height=\dimen150
\Gin@req@width=\dimen151
) (d:/Paper/texlive/2025/texmf-dist/tex/latex/amsmath/amsmath.sty
Package: amsmath 2025/07/09 v2.17z AMS math features
\@mathmargin=\skip52

For additional information on amsmath, use the `?' option.
(d:/Paper/texlive/2025/texmf-dist/tex/latex/amsmath/amstext.sty
Package: amstext 2024/11/17 v2.01 AMS text
 (d:/Paper/texlive/2025/texmf-dist/tex/latex/amsmath/amsgen.sty
File: amsgen.sty 1999/11/30 v2.0 generic functions
\@emptytoks=\toks18
\ex@=\dimen152
)) (d:/Paper/texlive/2025/texmf-dist/tex/latex/amsmath/amsbsy.sty
Package: amsbsy 1999/11/29 v1.2d Bold Symbols
\pmbraise@=\dimen153
) (d:/Paper/texlive/2025/texmf-dist/tex/latex/amsmath/amsopn.sty
Package: amsopn 2022/04/08 v2.04 operator names
)
\inf@bad=\count284
LaTeX Info: Redefining \frac on input line 233.
\uproot@=\count285
\leftroot@=\count286
LaTeX Info: Redefining \overline on input line 398.
LaTeX Info: Redefining \colon on input line 409.
\classnum@=\count287
\DOTSCASE@=\count288
LaTeX Info: Redefining \ldots on input line 495.
LaTeX Info: Redefining \dots on input line 498.
LaTeX Info: Redefining \cdots on input line 619.
\Mathstrutbox@=\box53
\strutbox@=\box54
LaTeX Info: Redefining \big on input line 721.
LaTeX Info: Redefining \Big on input line 722.
LaTeX Info: Redefining \bigg on input line 723.
LaTeX Info: Redefining \Bigg on input line 724.
\big@size=\dimen154
LaTeX Font Info:    Redeclaring font encoding OML on input line 742.
LaTeX Font Info:    Redeclaring font encoding OMS on input line 743.
\macc@depth=\count289
LaTeX Info: Redefining \bmod on input line 904.
LaTeX Info: Redefining \pmod on input line 909.
LaTeX Info: Redefining \smash on input line 939.
LaTeX Info: Redefining \relbar on input line 969.
LaTeX Info: Redefining \Relbar on input line 970.
\c@MaxMatrixCols=\count290
\dotsspace@=\muskip17
\c@parentequation=\count291
\dspbrk@lvl=\count292
\tag@help=\toks19
\row@=\count293
\column@=\count294
\maxfields@=\count295
\andhelp@=\toks20
\eqnshift@=\dimen155
\alignsep@=\dimen156
\tagshift@=\dimen157
\tagwidth@=\dimen158
\totwidth@=\dimen159
\lineht@=\dimen160
\@envbody=\toks21
\multlinegap=\skip53
\multlinetaggap=\skip54
\mathdisplay@stack=\toks22
LaTeX Info: Redefining \[ on input line 2950.
LaTeX Info: Redefining \] on input line 2951.
) (d:/Paper/texlive/2025/texmf-dist/tex/latex/amsfonts/amsfonts.sty
Package: amsfonts 2013/01/14 v3.01 Basic AMSFonts support
\symAMSa=\mathgroup4
\symAMSb=\mathgroup5
LaTeX Font Info:    Redeclaring math symbol \hbar on input line 98.
LaTeX Font Info:    Overwriting math alphabet `\mathfrak' in version `bold'
(Font)                  U/euf/m/n --> U/euf/b/n on input line 106.
) (d:/Paper/texlive/2025/texmf-dist/tex/latex/amsfonts/amssymb.sty
Package: amssymb 2013/01/14 v3.01 AMS font symbols
) (d:/Paper/texlive/2025/texmf-dist/tex/latex/l3kernel/expl3.sty
Package: expl3 2025-11-14 L3 programming layer (loader) 
 (d:/Paper/texlive/2025/texmf-dist/tex/latex/l3backend/l3backend-pdftex.def
File: l3backend-pdftex.def 2025-10-09 L3 backend support: PDF output (pdfTeX)
\l__color_backend_stack_int=\count296
)) (d:/Paper/texlive/2025/texmf-dist/tex/latex/l3packages/xparse/xparse.sty
Package: xparse 2025-10-09 L3 Experimental document command parser
) (d:/Paper/texlive/2025/texmf-dist/tex/latex/etoolbox/etoolbox.sty
Package: etoolbox 2025/10/02 v2.5m e-TeX tools for LaTeX (JAW)
\etb@tempcnta=\count297
) (d:/Paper/texlive/2025/texmf-dist/tex/latex/preprint/balance.sty
Package: balance 1999/02/23 4.3 (PWD)
\oldvsize=\dimen161
) (d:/Paper/texlive/2025/texmf-dist/tex/latex/booktabs/booktabs.sty
Package: booktabs 2020/01/12 v1.61803398 Publication quality tables
\heavyrulewidth=\dimen162
\lightrulewidth=\dimen163
\cmidrulewidth=\dimen164
\belowrulesep=\dimen165
\belowbottomsep=\dimen166
\aboverulesep=\dimen167
\abovetopsep=\dimen168
\cmidrulesep=\dimen169
\cmidrulekern=\dimen170
\defaultaddspace=\dimen171
\@cmidla=\count298
\@cmidlb=\count299
\@aboverulesep=\dimen172
\@belowrulesep=\dimen173
\@thisruleclass=\count300
\@lastruleclass=\count301
\@thisrulewidth=\dimen174
) (d:/Paper/texlive/2025/texmf-dist/tex/latex/makecell/makecell.sty
Package: makecell 2009/08/03 V0.1e Managing of Tab Column Heads and Cells
 (d:/Paper/texlive/2025/texmf-dist/tex/latex/tools/array.sty
Package: array 2025/09/25 v2.6n Tabular extension package (FMi)
\col@sep=\dimen175
\ar@mcellbox=\box55
\extrarowheight=\dimen176
\NC@list=\toks23
\extratabsurround=\skip55
\backup@length=\skip56
\ar@cellbox=\box56
)
\rotheadsize=\dimen177
\c@nlinenum=\count302
\TeXr@lab=\toks24
) (d:/Paper/texlive/2025/texmf-dist/tex/latex/multirow/multirow.sty
Package: multirow 2024/11/12 v2.9 Span multiple rows of a table
\multirow@colwidth=\skip57
\multirow@cntb=\count303
\multirow@dima=\skip58
\bigstrutjot=\dimen178
) (d:/Paper/texlive/2025/texmf-dist/tex/latex/colortbl/colortbl.sty
Package: colortbl 2024/10/29 v1.0k Color table columns (DPC)
 (d:/Paper/texlive/2025/texmf-dist/tex/latex/graphics/color.sty
Package: color 2025/01/14 v1.3e Standard LaTeX Color (DPC)
 (d:/Paper/texlive/2025/texmf-dist/tex/latex/graphics-cfg/color.cfg
File: color.cfg 2016/01/02 v1.6 sample color configuration
)
Package color Info: Driver file: pdftex.def on input line 149.
 (d:/Paper/texlive/2025/texmf-dist/tex/latex/graphics/mathcolor.ltx))
\everycr=\toks25
\minrowclearance=\skip59
\rownum=\count304
) (d:/Paper/texlive/2025/texmf-dist/tex/latex/tools/dcolumn.sty
Package: dcolumn 2025/10/21 v1.06 decimal alignment package (DPC)
) (d:/Paper/texlive/2025/texmf-dist/tex/latex/sttools/stfloats.sty
Package: stfloats 2025/06/18 v3.4 Improve float mechanism and baselineskip settings
\@dblbotnum=\count305
\c@dblbotnumber=\count306
) (d:/Paper/texlive/2025/texmf-dist/tex/latex/tools/xspace.sty
Package: xspace 2014/10/28 v1.13 Space after command names (DPC,MH)
) (d:/Paper/texlive/2025/texmf-dist/tex/generic/xstring/xstring.sty (d:/Paper/texlive/2025/texmf-dist/tex/generic/xstring/xstring.tex
\xs_counta=\count307
\xs_countb=\count308
)
Package: xstring 2023/08/22 v1.86 String manipulations (CT)
) (d:/Paper/texlive/2025/texmf-dist/tex/latex/footmisc/footmisc.sty
Package: footmisc 2025/05/09 v7.0b a miscellany of footnote facilities
\FN@temptoken=\toks26
\footnotemargin=\dimen179
Package footmisc Info: Declaring symbol style bringhurst on input line 549.
Package footmisc Info: Declaring symbol style chicago on input line 557.
Package footmisc Info: Declaring symbol style wiley on input line 566.
Package footmisc Info: Declaring symbol style lamport-robust on input line 577.
Package footmisc Info: Declaring symbol style lamport* on input line 597.
Package footmisc Info: Declaring symbol style lamport*-robust on input line 618.
) (d:/Paper/texlive/2025/texmf-dist/tex/latex/xcolor/xcolor.sty
Package: xcolor 2024/09/29 v3.02 LaTeX color extensions (UK)
 (d:/Paper/texlive/2025/texmf-dist/tex/latex/graphics-cfg/color.cfg
File: color.cfg 2016/01/02 v1.6 sample color configuration
)
Package xcolor Info: Driver file: pdftex.def on input line 274.
LaTeX Info: Redefining \color on input line 762.
 (d:/Paper/texlive/2025/texmf-dist/tex/latex/graphics/mathcolor.ltx)
Package xcolor Info: Model `cmy' substituted by `cmy0' on input line 1349.
Package xcolor Info: Model `hsb' substituted by `rgb' on input line 1353.
Package xcolor Info: Model `RGB' extended on input line 1365.
Package xcolor Info: Model `HTML' substituted by `rgb' on input line 1367.
Package xcolor Info: Model `Hsb' substituted by `hsb' on input line 1368.
Package xcolor Info: Model `tHsb' substituted by `hsb' on input line 1369.
Package xcolor Info: Model `HSB' substituted by `hsb' on input line 1370.
Package xcolor Info: Model `Gray' substituted by `gray' on input line 1371.
Package xcolor Info: Model `wave' substituted by `hsb' on input line 1372.
) (d:/Paper/texlive/2025/texmf-dist/tex/latex/xcolor/svgnam.def
File: svgnam.def 2024/09/29 v3.02 Predefined colors according to SVG 1.1 (UK)
) (d:/Paper/texlive/2025/texmf-dist/tex/latex/graphics/dvipsnam.def
File: dvipsnam.def 2016/06/17 v3.0m Driver-dependent file (DPC,SPQR)
) (d:/Paper/texlive/2025/texmf-dist/tex/latex/hyperref/hyperref.sty
Package: hyperref 2025-07-12 v7.01o Hypertext links for LaTeX
 (d:/Paper/texlive/2025/texmf-dist/tex/generic/iftex/iftex.sty
Package: iftex 2024/12/12 v1.0g TeX engine tests
) (d:/Paper/texlive/2025/texmf-dist/tex/latex/kvsetkeys/kvsetkeys.sty
Package: kvsetkeys 2022-10-05 v1.19 Key value parser (HO)
) (d:/Paper/texlive/2025/texmf-dist/tex/generic/kvdefinekeys/kvdefinekeys.sty
Package: kvdefinekeys 2019-12-19 v1.6 Define keys (HO)
) (d:/Paper/texlive/2025/texmf-dist/tex/generic/pdfescape/pdfescape.sty
Package: pdfescape 2019/12/09 v1.15 Implements pdfTeX's escape features (HO)
 (d:/Paper/texlive/2025/texmf-dist/tex/generic/ltxcmds/ltxcmds.sty
Package: ltxcmds 2023-12-04 v1.26 LaTeX kernel commands for general use (HO)
) (d:/Paper/texlive/2025/texmf-dist/tex/generic/pdftexcmds/pdftexcmds.sty
Package: pdftexcmds 2020-06-27 v0.33 Utility functions of pdfTeX for LuaTeX (HO)
 (d:/Paper/texlive/2025/texmf-dist/tex/generic/infwarerr/infwarerr.sty
Package: infwarerr 2019/12/03 v1.5 Providing info/warning/error messages (HO)
)
Package pdftexcmds Info: \pdf@primitive is available.
Package pdftexcmds Info: \pdf@ifprimitive is available.
Package pdftexcmds Info: \pdfdraftmode found.
)) (d:/Paper/texlive/2025/texmf-dist/tex/latex/hycolor/hycolor.sty
Package: hycolor 2020-01-27 v1.10 Color options for hyperref/bookmark (HO)
) (d:/Paper/texlive/2025/texmf-dist/tex/latex/hyperref/nameref.sty
Package: nameref 2025-06-21 v2.57 Cross-referencing by name of section
 (d:/Paper/texlive/2025/texmf-dist/tex/latex/refcount/refcount.sty
Package: refcount 2019/12/15 v3.6 Data extraction from label references (HO)
) (d:/Paper/texlive/2025/texmf-dist/tex/generic/gettitlestring/gettitlestring.sty
Package: gettitlestring 2019/12/15 v1.6 Cleanup title references (HO)
 (d:/Paper/texlive/2025/texmf-dist/tex/latex/kvoptions/kvoptions.sty
Package: kvoptions 2022-06-15 v3.15 Key value format for package options (HO)
))
\c@section@level=\count309
) (d:/Paper/texlive/2025/texmf-dist/tex/generic/stringenc/stringenc.sty
Package: stringenc 2019/11/29 v1.12 Convert strings between diff. encodings (HO)
)
\@linkdim=\dimen180
\Hy@linkcounter=\count310
\Hy@pagecounter=\count311
 (d:/Paper/texlive/2025/texmf-dist/tex/latex/hyperref/pd1enc.def
File: pd1enc.def 2025-07-12 v7.01o Hyperref: PDFDocEncoding definition (HO)
Now handling font encoding PD1 ...
... no UTF-8 mapping file for font encoding PD1
) (d:/Paper/texlive/2025/texmf-dist/tex/generic/intcalc/intcalc.sty
Package: intcalc 2019/12/15 v1.3 Expandable calculations with integers (HO)
)
\Hy@SavedSpaceFactor=\count312
 (d:/Paper/texlive/2025/texmf-dist/tex/latex/hyperref/puenc.def
File: puenc.def 2025-07-12 v7.01o Hyperref: PDF Unicode definition (HO)
Now handling font encoding PU ...
... no UTF-8 mapping file for font encoding PU
)
Package hyperref Info: Option `colorlinks' set `true' on input line 4066.
Package hyperref Info: Hyper figures OFF on input line 4195.
Package hyperref Info: Link nesting OFF on input line 4200.
Package hyperref Info: Hyper index ON on input line 4203.
Package hyperref Info: Plain pages OFF on input line 4210.
Package hyperref Info: Backreferencing OFF on input line 4215.
Package hyperref Info: Implicit mode ON; LaTeX internals redefined.
Package hyperref Info: Bookmarks ON on input line 4462.
\c@Hy@tempcnt=\count313
 (d:/Paper/texlive/2025/texmf-dist/tex/latex/url/url.sty
\Urlmuskip=\muskip18
Package: url 2013/09/16  ver 3.4  Verb mode for urls, etc.
)
LaTeX Info: Redefining \url on input line 4801.
\XeTeXLinkMargin=\dimen181
 (d:/Paper/texlive/2025/texmf-dist/tex/generic/bitset/bitset.sty
Package: bitset 2019/12/09 v1.3 Handle bit-vector datatype (HO)
 (d:/Paper/texlive/2025/texmf-dist/tex/generic/bigintcalc/bigintcalc.sty
Package: bigintcalc 2019/12/15 v1.5 Expandable calculations on big integers (HO)
))
\Fld@menulength=\count314
\Field@Width=\dimen182
\Fld@charsize=\dimen183
Package hyperref Info: Hyper figures OFF on input line 6078.
Package hyperref Info: Link nesting OFF on input line 6083.
Package hyperref Info: Hyper index ON on input line 6086.
Package hyperref Info: backreferencing OFF on input line 6093.
Package hyperref Info: Link coloring ON on input line 6096.
Package hyperref Info: Link coloring with OCG OFF on input line 6103.
Package hyperref Info: PDF/A mode OFF on input line 6108.
\Hy@abspage=\count315
\c@Item=\count316
\c@Hfootnote=\count317
)
Package hyperref Info: Driver (autodetected): hpdftex.
 (d:/Paper/texlive/2025/texmf-dist/tex/latex/hyperref/hpdftex.def
File: hpdftex.def 2025-07-12 v7.01o Hyperref driver for pdfTeX
\Fld@listcount=\count318
\c@bookmark@seq@number=\count319
 (d:/Paper/texlive/2025/texmf-dist/tex/latex/rerunfilecheck/rerunfilecheck.sty
Package: rerunfilecheck 2025-06-21 v1.11 Rerun checks for auxiliary files (HO)
 (d:/Paper/texlive/2025/texmf-dist/tex/generic/uniquecounter/uniquecounter.sty
Package: uniquecounter 2019/12/15 v1.4 Provide unlimited unique counter (HO)
)
Package uniquecounter Info: New unique counter `rerunfilecheck' on input line 284.
)
\Hy@SectionHShift=\skip60
) (./cas-common.sty
\l_stm_title_before_dim=\dimen184
\l_stm_title_after_dim=\dimen185
\g_ead_int=\count320
\g_uad_int=\count321
\@eadauthor=\toks27
\g_stm_tnote_int=\count322
\g_stm_fnote_int=\count323
\g_stm_cor_int=\count324
\g_stm_au_int=\count325
\g_stm_aau_int=\count326
\l_autype_int=\count327
\l_stm_augroup_before_dim=\dimen186
\l_stm_augroup_after_dim=\dimen187
\l_stm_augroup_lskip_tl=\dimen188
\l_stm_augroup_rskip_tl=\dimen189
\g_stm_aff_int=\count328
\g_stm_aff_ext_int=\count329
\g_stm_aff_int_int=\count330
\g_stm_fn_aff_ext_int=\count331
\g_stm_fn_aff_int_int=\count332
\l_stm_aff_before_dim=\dimen190
\l_stm_aff_after_dim=\dimen191
\l_stm_aff_lskip_dim=\dimen192
\l_stm_aff_rskip_dim=\dimen193
\g_stm_augr_int=\count333
\g_stm_aaugr_int=\count334
 (d:/Paper/texlive/2025/texmf-dist/tex/latex/moreverb/moreverb.sty
Package: moreverb 2008/06/03 v2.3a `more' verbatim facilities
 (d:/Paper/texlive/2025/texmf-dist/tex/latex/tools/verbatim.sty
Package: verbatim 2024-01-22 v1.5x LaTeX2e package for verbatim enhancements
\every@verbatim=\toks28
\verbatim@line=\toks29
\verbatim@in@stream=\read2
)
\tab@position=\count335
\tab@size=\count336
\listing@line=\count337
)
\g_stm_abs_box=\box57
\casgrabsbox=\box58
\casauhlbox=\box59
\g_stm_key_box=\box60
\g_stm_jtype_int=\count338
\g_stm_blind_int=\count339
\c@au=\count340
\c@cnote=\count341
\c@tnote=\count342
\c@fnote=\count343
\c@aff=\count344
\g_stm_notes_box=\box61
\g_stm_front_box=\box62
\paraindent=\dimen194
\subparaindent=\dimen195
\FullWidth=\dimen196
\l_tbl_width_dim=\dimen197
\l_tbl_abovecap_skip=\skip61
\l_tbl_belowcap_skip=\skip62
\l_tbl_abovetbl_skip=\skip63
\l_tbl_belowtbl_skip=\skip64
\l_fig_width_dim=\dimen198
\cascaptionbox=\box63
\l_fig_abovecap_skip=\skip65
\l_fig_belowcap_skip=\skip66
\l_fig_abovefig_skip=\skip67
\l_fig_belowfig_skip=\skip68
 (d:/Paper/texlive/2025/texmf-dist/tex/latex/wrapfig/wrapfig.sty
\wrapoverhang=\dimen199
\WF@size=\dimen256
\c@WF@wrappedlines=\count345
\WF@box=\box64
\WF@everypar=\toks30
Package: wrapfig 2003/01/31  v 3.6
)
\l_wrap_figwidth_dim=\dimen257
\l_wrap_fighspace_dim=\dimen258
\l_wrap_figvspace_dim=\dimen259
\l_wrap_fighcorr_dim=\dimen260
\l_wrap_figvcorr_dim=\dimen261
\l_above_bio_dim=\dimen262
\l_wrap_figlcorr_int=\count346
\l_wrap_figlines_int=\count347
\l_bio_text_box=\box65
\c@ca_biography_ctr=\count348
\l_ca_temp_inta=\count349
\leftMargin=\dimen263
\@enLab=\toks31
\@sep=\skip69
\@@sep=\skip70
) (d:/Paper/texlive/2025/texmf-dist/tex/latex/base/fontenc.sty
Package: fontenc 2025/07/18 v2.1d Standard LaTeX package
) (d:/Paper/texlive/2025/texmf-dist/tex/latex/stix/stix.sty
Package: stix 2018/04/17 v1.1.3-latex STIX fonts support package
 (d:/Paper/texlive/2025/texmf-dist/tex/latex/base/textcomp.sty
Package: textcomp 2024/04/24 v2.1b Standard LaTeX package
LaTeX Font Info:    Changing ? sub-encoding to TS1/0 on input line 75.
)
LaTeX Encoding Info:    Text command \textpertenthousand (encoding T1) is not declared on input line 51.
LaTeX Encoding Info:    Redeclaring text command \textpertenthousand (encoding ?) on input line 52.
Now handling font encoding LS1 ...
... no UTF-8 mapping file for font encoding LS1
Now handling font encoding LS2 ...
... no UTF-8 mapping file for font encoding LS2
LaTeX Font Info:    Redeclaring symbol font `letters' on input line 76.
LaTeX Font Info:    Encoding `OML' has changed to `LS1' for symbol font
(Font)              `letters' in the math version `normal' on input line 76.
LaTeX Font Info:    Overwriting symbol font `letters' in version `normal'
(Font)                  OML/cmm/m/it --> LS1/stix/m/it on input line 76.
LaTeX Font Info:    Encoding `OML' has changed to `LS1' for symbol font
(Font)              `letters' in the math version `bold' on input line 76.
LaTeX Font Info:    Overwriting symbol font `letters' in version `bold'
(Font)                  OML/cmm/b/it --> LS1/stix/m/it on input line 76.
LaTeX Font Info:    Redeclaring symbol font `operators' on input line 77.
LaTeX Font Info:    Encoding `OT1' has changed to `LS1' for symbol font
(Font)              `operators' in the math version `normal' on input line 77.
LaTeX Font Info:    Overwriting symbol font `operators' in version `normal'
(Font)                  OT1/cmr/m/n --> LS1/stix/m/n on input line 77.
LaTeX Font Info:    Encoding `OT1' has changed to `LS1' for symbol font
(Font)              `operators' in the math version `bold' on input line 77.
LaTeX Font Info:    Overwriting symbol font `operators' in version `bold'
(Font)                  OT1/cmr/bx/n --> LS1/stix/m/n on input line 77.
\symbold-operators=\mathgroup6
LaTeX Font Info:    Redeclaring symbol font `symbols' on input line 79.
LaTeX Font Info:    Encoding `OMS' has changed to `LS1' for symbol font
(Font)              `symbols' in the math version `normal' on input line 79.
LaTeX Font Info:    Overwriting symbol font `symbols' in version `normal'
(Font)                  OMS/cmsy/m/n --> LS1/stixscr/m/n on input line 79.
LaTeX Font Info:    Encoding `OMS' has changed to `LS1' for symbol font
(Font)              `symbols' in the math version `bold' on input line 79.
LaTeX Font Info:    Overwriting symbol font `symbols' in version `bold'
(Font)                  OMS/cmsy/b/n --> LS1/stixscr/m/n on input line 79.
\symsymbols2=\mathgroup7
\symsymbols3=\mathgroup8
\symsymbols4=\mathgroup9
\symintegrals=\mathgroup10
LaTeX Font Info:    Redeclaring symbol font `largesymbols' on input line 84.
LaTeX Font Info:    Encoding `OMX' has changed to `LS2' for symbol font
(Font)              `largesymbols' in the math version `normal' on input line 84.
LaTeX Font Info:    Overwriting symbol font `largesymbols' in version `normal'
(Font)                  OMX/cmex/m/n --> LS2/stixex/m/n on input line 84.
LaTeX Font Info:    Encoding `OMX' has changed to `LS2' for symbol font
(Font)              `largesymbols' in the math version `bold' on input line 84.
LaTeX Font Info:    Overwriting symbol font `largesymbols' in version `bold'
(Font)                  OMX/cmex/m/n --> LS2/stixex/m/n on input line 84.
\symarrows1=\mathgroup11
\symarrows2=\mathgroup12
\symarrows3=\mathgroup13
LaTeX Font Info:    Overwriting symbol font `letters' in version `bold'
(Font)                  LS1/stix/m/it --> LS1/stix/b/it on input line 88.
LaTeX Font Info:    Overwriting symbol font `operators' in version `bold'
(Font)                  LS1/stix/m/n --> LS1/stix/b/n on input line 89.
LaTeX Font Info:    Overwriting symbol font `symbols' in version `bold'
(Font)                  LS1/stixscr/m/n --> LS1/stixscr/b/n on input line 90.
LaTeX Font Info:    Overwriting symbol font `symbols2' in version `bold'
(Font)                  LS1/stixfrak/m/n --> LS1/stixfrak/b/n on input line 91.
LaTeX Font Info:    Overwriting symbol font `symbols3' in version `bold'
(Font)                  LS1/stixbb/m/n --> LS1/stixbb/b/n on input line 92.
LaTeX Font Info:    Overwriting symbol font `symbols4' in version `bold'
(Font)                  LS1/stixbb/m/it --> LS1/stixbb/b/it on input line 93.
LaTeX Font Info:    Overwriting symbol font `integrals' in version `bold'
(Font)                  LS2/stixcal/m/n --> LS2/stixcal/b/n on input line 94.
LaTeX Font Info:    Overwriting symbol font `largesymbols' in version `bold'
(Font)                  LS2/stixex/m/n --> LS2/stixex/b/n on input line 95.
LaTeX Font Info:    Overwriting symbol font `arrows1' in version `bold'
(Font)                  LS1/stixsf/m/n --> LS1/stixsf/b/n on input line 96.
LaTeX Font Info:    Overwriting symbol font `arrows2' in version `bold'
(Font)                  LS1/stixsf/m/it --> LS1/stixsf/b/it on input line 97.
LaTeX Font Info:    Overwriting symbol font `arrows3' in version `bold'
(Font)                  LS2/stixtt/m/n --> LS2/stixtt/b/n on input line 98.
LaTeX Font Info:    Redeclaring math alphabet \mathit on input line 99.
LaTeX Font Info:    Redeclaring math alphabet \mathfrak on input line 102.
LaTeX Font Info:    Redeclaring math alphabet \mathsf on input line 106.
LaTeX Font Info:    Redeclaring math alphabet \mathtt on input line 108.
LaTeX Font Info:    Redeclaring math alphabet \mathbf on input line 109.
LaTeX Info: Redefining \yen on input line 456.
LaTeX Info: Redefining \circledR on input line 458.
LaTeX Info: Redefining \checkmark on input line 460.
LaTeX Info: Redefining \maltese on input line 461.
LaTeX Font Info:    Redeclaring math accent \grave on input line 698.
LaTeX Font Info:    Redeclaring math accent \acute on input line 699.
LaTeX Font Info:    Redeclaring math accent \hat on input line 700.
LaTeX Font Info:    Redeclaring math accent \tilde on input line 701.
LaTeX Font Info:    Redeclaring math accent \bar on input line 702.
LaTeX Font Info:    Redeclaring math accent \breve on input line 703.
LaTeX Font Info:    Redeclaring math accent \dot on input line 704.
LaTeX Font Info:    Redeclaring math accent \ddot on input line 705.
LaTeX Font Info:    Redeclaring math accent \mathring on input line 707.
LaTeX Font Info:    Redeclaring math accent \check on input line 708.
LaTeX Font Info:    Redeclaring math accent \vec on input line 716.
LaTeX Font Info:    Redeclaring math accent \widehat on input line 728.
LaTeX Font Info:    Redeclaring math accent \widetilde on input line 729.
LaTeX Info: Redefining \vdots on input line 1518.
LaTeX Info: Redefining \cdots on input line 1522.
LaTeX Font Info:    Redeclaring math symbol \mathsterling on input line 1978.
LaTeX Info: Redefining \not on input line 2144.
) (d:/Paper/texlive/2025/texmf-dist/tex/latex/inconsolata/inconsolata.sty
Package: inconsolata 2019/05/17 v1.12
 `inconsolata-zi4' v1.12, 2019/05/17 Text macros for Inconsolata (msharpe) (d:/Paper/texlive/2025/texmf-dist/tex/latex/xkeyval/xkeyval.sty
Package: xkeyval 2025/11/04 v2.10 package option processing (HA)
 (d:/Paper/texlive/2025/texmf-dist/tex/generic/xkeyval/xkeyval.tex (d:/Paper/texlive/2025/texmf-dist/tex/generic/xkeyval/xkvutils.tex
\XKV@toks=\toks32
\XKV@tempa@toks=\toks33
\XKV@tempb@toks=\toks34
)
\XKV@depth=\count350
File: xkeyval.tex 2014/12/03 v2.7a key=value parser (HA)
))
\zifour@ocount=\count351
) (d:/Paper/texlive/2025/texmf-dist/tex/latex/geometry/geometry.sty
Package: geometry 2020/01/02 v5.9 Page Geometry
 (d:/Paper/texlive/2025/texmf-dist/tex/generic/iftex/ifvtex.sty
Package: ifvtex 2019/10/25 v1.7 ifvtex legacy package. Use iftex instead.
)
\Gm@cnth=\count352
\Gm@cntv=\count353
\c@Gm@tempcnt=\count354
\Gm@bindingoffset=\dimen264
\Gm@wd@mp=\dimen265
\Gm@odd@mp=\dimen266
\Gm@even@mp=\dimen267
\Gm@layoutwidth=\dimen268
\Gm@layoutheight=\dimen269
\Gm@layouthoffset=\dimen270
\Gm@layoutvoffset=\dimen271
\Gm@dimlist=\toks35
)) (d:/Paper/texlive/2025/texmf-dist/tex/latex/natbib/natbib.sty
Package: natbib 2010/09/13 8.31b (PWD, AO)
\bibhang=\skip71
\bibsep=\skip72
LaTeX Info: Redefining \cite on input line 694.
\c@NAT@ctr=\count355
) (d:/Paper/texlive/2025/texmf-dist/tex/latex/tools/bm.sty
Package: bm 2025/10/21 v1.2g Bold Symbol Support (DPC/FMi)
\symboldoperators=\mathgroup14
\symboldletters=\mathgroup15
Package bm Info: No bold for \U/msa/m/n, using \pmb.
Package bm Info: No bold for \U/msb/m/n, using \pmb.
Package bm Info: No bold for \LS1/stix/b/n, using \pmb.
) (d:/Paper/texlive/2025/texmf-dist/tex/latex/algorithms/algorithm.sty
Package: algorithm 2009/08/24 v0.1 Document Style `algorithm' - floating environment
 (d:/Paper/texlive/2025/texmf-dist/tex/latex/float/float.sty
Package: float 2001/11/08 v1.3d Float enhancements (AL)
\c@float@type=\count356
\float@exts=\toks36
\float@box=\box66
\@float@everytoks=\toks37
\@floatcapt=\box67
) (d:/Paper/texlive/2025/texmf-dist/tex/latex/base/ifthen.sty
Package: ifthen 2024/03/16 v1.1e Standard LaTeX ifthen package (DPC)
)
\@float@every@algorithm=\toks38
\c@algorithm=\count357
) (d:/Paper/texlive/2025/texmf-dist/tex/latex/algorithmicx/algpseudocode.sty
Package: algpseudocode 
 (d:/Paper/texlive/2025/texmf-dist/tex/latex/algorithmicx/algorithmicx.sty
Package: algorithmicx 2005/04/27 v1.2 Algorithmicx

Document Style algorithmicx 1.2 - a greatly improved `algorithmic' style
\c@ALG@line=\count358
\c@ALG@rem=\count359
\c@ALG@nested=\count360
\ALG@tlm=\skip73
\ALG@thistlm=\skip74
\c@ALG@Lnr=\count361
\c@ALG@blocknr=\count362
\c@ALG@storecount=\count363
\c@ALG@tmpcounter=\count364
\ALG@tmplength=\skip75
)
Document Style - pseudocode environments for use with the `algorithmicx' style
) (d:/Paper/texlive/2025/texmf-dist/tex/latex/pgfplots/pgfplots.sty (d:/Paper/texlive/2025/texmf-dist/tex/generic/pgfplots/pgfplots.revision.tex)
Package: pgfplots 2025/08/14 v1.18.2 Data Visualization (1.18.2)
 (d:/Paper/texlive/2025/texmf-dist/tex/latex/pgf/frontendlayer/tikz.sty (d:/Paper/texlive/2025/texmf-dist/tex/latex/pgf/basiclayer/pgf.sty (d:/Paper/texlive/2025/texmf-dist/tex/latex/pgf/utilities/pgfrcs.sty (d:/Paper/texlive/2025/texmf-dist/tex/generic/pgf/utilities/pgfutil-common.tex
\pgfutil@everybye=\toks39
\pgfutil@tempdima=\dimen272
\pgfutil@tempdimb=\dimen273
) (d:/Paper/texlive/2025/texmf-dist/tex/generic/pgf/utilities/pgfutil-latex.def
\pgfutil@abb=\box68
) (d:/Paper/texlive/2025/texmf-dist/tex/generic/pgf/utilities/pgfrcs.code.tex (d:/Paper/texlive/2025/texmf-dist/tex/generic/pgf/pgf.revision.tex)
Package: pgfrcs 2025-08-29 v3.1.11a (3.1.11a)
))
Package: pgf 2025-08-29 v3.1.11a (3.1.11a)
 (d:/Paper/texlive/2025/texmf-dist/tex/latex/pgf/basiclayer/pgfcore.sty (d:/Paper/texlive/2025/texmf-dist/tex/latex/pgf/systemlayer/pgfsys.sty (d:/Paper/texlive/2025/texmf-dist/tex/generic/pgf/systemlayer/pgfsys.code.tex
Package: pgfsys 2025-08-29 v3.1.11a (3.1.11a)
 (d:/Paper/texlive/2025/texmf-dist/tex/generic/pgf/utilities/pgfkeys.code.tex
\pgfkeys@pathtoks=\toks40
\pgfkeys@temptoks=\toks41
 (d:/Paper/texlive/2025/texmf-dist/tex/generic/pgf/utilities/pgfkeyslibraryfiltered.code.tex
\pgfkeys@tmptoks=\toks42
))
\pgf@x=\dimen274
\pgf@y=\dimen275
\pgf@xa=\dimen276
\pgf@ya=\dimen277
\pgf@xb=\dimen278
\pgf@yb=\dimen279
\pgf@xc=\dimen280
\pgf@yc=\dimen281
\pgf@xd=\dimen282
\pgf@yd=\dimen283
\w@pgf@writea=\write3
\r@pgf@reada=\read3
\c@pgf@counta=\count365
\c@pgf@countb=\count366
\c@pgf@countc=\count367
\c@pgf@countd=\count368
\t@pgf@toka=\toks43
\t@pgf@tokb=\toks44
\t@pgf@tokc=\toks45
\pgf@sys@id@count=\count369
 (d:/Paper/texlive/2025/texmf-dist/tex/generic/pgf/systemlayer/pgf.cfg
File: pgf.cfg 2025-08-29 v3.1.11a (3.1.11a)
)
Driver file for pgf: pgfsys-pdftex.def
 (d:/Paper/texlive/2025/texmf-dist/tex/generic/pgf/systemlayer/pgfsys-pdftex.def
File: pgfsys-pdftex.def 2025-08-29 v3.1.11a (3.1.11a)
 (d:/Paper/texlive/2025/texmf-dist/tex/generic/pgf/systemlayer/pgfsys-common-pdf.def
File: pgfsys-common-pdf.def 2025-08-29 v3.1.11a (3.1.11a)
))) (d:/Paper/texlive/2025/texmf-dist/tex/generic/pgf/systemlayer/pgfsyssoftpath.code.tex
File: pgfsyssoftpath.code.tex 2025-08-29 v3.1.11a (3.1.11a)
\pgfsyssoftpath@smallbuffer@items=\count370
\pgfsyssoftpath@bigbuffer@items=\count371
) (d:/Paper/texlive/2025/texmf-dist/tex/generic/pgf/systemlayer/pgfsysprotocol.code.tex
File: pgfsysprotocol.code.tex 2025-08-29 v3.1.11a (3.1.11a)
)) (d:/Paper/texlive/2025/texmf-dist/tex/generic/pgf/basiclayer/pgfcore.code.tex
Package: pgfcore 2025-08-29 v3.1.11a (3.1.11a)
 (d:/Paper/texlive/2025/texmf-dist/tex/generic/pgf/math/pgfmath.code.tex (d:/Paper/texlive/2025/texmf-dist/tex/generic/pgf/math/pgfmathutil.code.tex) (d:/Paper/texlive/2025/texmf-dist/tex/generic/pgf/math/pgfmathparser.code.tex
\pgfmath@dimen=\dimen284
\pgfmath@count=\count372
\pgfmath@box=\box69
\pgfmath@toks=\toks46
\pgfmath@stack@operand=\toks47
\pgfmath@stack@operation=\toks48
) (d:/Paper/texlive/2025/texmf-dist/tex/generic/pgf/math/pgfmathfunctions.code.tex) (d:/Paper/texlive/2025/texmf-dist/tex/generic/pgf/math/pgfmathfunctions.basic.code.tex) (d:/Paper/texlive/2025/texmf-dist/tex/generic/pgf/math/pgfmathfunctions.trigonometric.code.tex) (d:/Paper/texlive/2025/texmf-dist/tex/generic/pgf/math/pgfmathfunctions.random.code.tex) (d:/Paper/texlive/2025/texmf-dist/tex/generic/pgf/math/pgfmathfunctions.comparison.code.tex) (d:/Paper/texlive/2025/texmf-dist/tex/generic/pgf/math/pgfmathfunctions.base.code.tex) (d:/Paper/texlive/2025/texmf-dist/tex/generic/pgf/math/pgfmathfunctions.round.code.tex) (d:/Paper/texlive/2025/texmf-dist/tex/generic/pgf/math/pgfmathfunctions.misc.code.tex) (d:/Paper/texlive/2025/texmf-dist/tex/generic/pgf/math/pgfmathfunctions.integerarithmetics.code.tex) (d:/Paper/texlive/2025/texmf-dist/tex/generic/pgf/math/pgfmathcalc.code.tex) (d:/Paper/texlive/2025/texmf-dist/tex/generic/pgf/math/pgfmathfloat.code.tex
\c@pgfmathroundto@lastzeros=\count373
)) (d:/Paper/texlive/2025/texmf-dist/tex/generic/pgf/math/pgfint.code.tex) (d:/Paper/texlive/2025/texmf-dist/tex/generic/pgf/basiclayer/pgfcorepoints.code.tex
File: pgfcorepoints.code.tex 2025-08-29 v3.1.11a (3.1.11a)
\pgf@picminx=\dimen285
\pgf@picmaxx=\dimen286
\pgf@picminy=\dimen287
\pgf@picmaxy=\dimen288
\pgf@pathminx=\dimen289
\pgf@pathmaxx=\dimen290
\pgf@pathminy=\dimen291
\pgf@pathmaxy=\dimen292
\pgf@xx=\dimen293
\pgf@xy=\dimen294
\pgf@yx=\dimen295
\pgf@yy=\dimen296
\pgf@zx=\dimen297
\pgf@zy=\dimen298
) (d:/Paper/texlive/2025/texmf-dist/tex/generic/pgf/basiclayer/pgfcorepathconstruct.code.tex
File: pgfcorepathconstruct.code.tex 2025-08-29 v3.1.11a (3.1.11a)
\pgf@path@lastx=\dimen299
\pgf@path@lasty=\dimen300
) (d:/Paper/texlive/2025/texmf-dist/tex/generic/pgf/basiclayer/pgfcorepathusage.code.tex
File: pgfcorepathusage.code.tex 2025-08-29 v3.1.11a (3.1.11a)
\pgf@shorten@end@additional=\dimen301
\pgf@shorten@start@additional=\dimen302
) (d:/Paper/texlive/2025/texmf-dist/tex/generic/pgf/basiclayer/pgfcorescopes.code.tex
File: pgfcorescopes.code.tex 2025-08-29 v3.1.11a (3.1.11a)
\pgfpic=\box70
\pgf@hbox=\box71
\pgf@layerbox@main=\box72
\pgf@picture@serial@count=\count374
) (d:/Paper/texlive/2025/texmf-dist/tex/generic/pgf/basiclayer/pgfcoregraphicstate.code.tex
File: pgfcoregraphicstate.code.tex 2025-08-29 v3.1.11a (3.1.11a)
\pgflinewidth=\dimen303
) (d:/Paper/texlive/2025/texmf-dist/tex/generic/pgf/basiclayer/pgfcoretransformations.code.tex
File: pgfcoretransformations.code.tex 2025-08-29 v3.1.11a (3.1.11a)
\pgf@pt@x=\dimen304
\pgf@pt@y=\dimen305
\pgf@pt@temp=\dimen306
) (d:/Paper/texlive/2025/texmf-dist/tex/generic/pgf/basiclayer/pgfcorequick.code.tex
File: pgfcorequick.code.tex 2025-08-29 v3.1.11a (3.1.11a)
) (d:/Paper/texlive/2025/texmf-dist/tex/generic/pgf/basiclayer/pgfcoreobjects.code.tex
File: pgfcoreobjects.code.tex 2025-08-29 v3.1.11a (3.1.11a)
) (d:/Paper/texlive/2025/texmf-dist/tex/generic/pgf/basiclayer/pgfcorepathprocessing.code.tex
File: pgfcorepathprocessing.code.tex 2025-08-29 v3.1.11a (3.1.11a)
) (d:/Paper/texlive/2025/texmf-dist/tex/generic/pgf/basiclayer/pgfcorearrows.code.tex
File: pgfcorearrows.code.tex 2025-08-29 v3.1.11a (3.1.11a)
\pgfarrowsep=\dimen307
) (d:/Paper/texlive/2025/texmf-dist/tex/generic/pgf/basiclayer/pgfcoreshade.code.tex
File: pgfcoreshade.code.tex 2025-08-29 v3.1.11a (3.1.11a)
\pgf@max=\dimen308
\pgf@sys@shading@range@num=\count375
\pgf@shadingcount=\count376
) (d:/Paper/texlive/2025/texmf-dist/tex/generic/pgf/basiclayer/pgfcoreimage.code.tex
File: pgfcoreimage.code.tex 2025-08-29 v3.1.11a (3.1.11a)
) (d:/Paper/texlive/2025/texmf-dist/tex/generic/pgf/basiclayer/pgfcoreexternal.code.tex
File: pgfcoreexternal.code.tex 2025-08-29 v3.1.11a (3.1.11a)
\pgfexternal@startupbox=\box73
) (d:/Paper/texlive/2025/texmf-dist/tex/generic/pgf/basiclayer/pgfcorelayers.code.tex
File: pgfcorelayers.code.tex 2025-08-29 v3.1.11a (3.1.11a)
) (d:/Paper/texlive/2025/texmf-dist/tex/generic/pgf/basiclayer/pgfcoretransparency.code.tex
File: pgfcoretransparency.code.tex 2025-08-29 v3.1.11a (3.1.11a)
) (d:/Paper/texlive/2025/texmf-dist/tex/generic/pgf/basiclayer/pgfcorepatterns.code.tex
File: pgfcorepatterns.code.tex 2025-08-29 v3.1.11a (3.1.11a)
) (d:/Paper/texlive/2025/texmf-dist/tex/generic/pgf/basiclayer/pgfcorerdf.code.tex
File: pgfcorerdf.code.tex 2025-08-29 v3.1.11a (3.1.11a)
))) (d:/Paper/texlive/2025/texmf-dist/tex/generic/pgf/modules/pgfmoduleshapes.code.tex
File: pgfmoduleshapes.code.tex 2025-08-29 v3.1.11a (3.1.11a)
\pgfnodeparttextbox=\box74
) (d:/Paper/texlive/2025/texmf-dist/tex/generic/pgf/modules/pgfmoduleplot.code.tex
File: pgfmoduleplot.code.tex 2025-08-29 v3.1.11a (3.1.11a)
) (d:/Paper/texlive/2025/texmf-dist/tex/latex/pgf/compatibility/pgfcomp-version-0-65.sty
Package: pgfcomp-version-0-65 2025-08-29 v3.1.11a (3.1.11a)
\pgf@nodesepstart=\dimen309
\pgf@nodesepend=\dimen310
) (d:/Paper/texlive/2025/texmf-dist/tex/latex/pgf/compatibility/pgfcomp-version-1-18.sty
Package: pgfcomp-version-1-18 2025-08-29 v3.1.11a (3.1.11a)
)) (d:/Paper/texlive/2025/texmf-dist/tex/latex/pgf/utilities/pgffor.sty (d:/Paper/texlive/2025/texmf-dist/tex/latex/pgf/utilities/pgfkeys.sty (d:/Paper/texlive/2025/texmf-dist/tex/generic/pgf/utilities/pgfkeys.code.tex)) (d:/Paper/texlive/2025/texmf-dist/tex/latex/pgf/math/pgfmath.sty (d:/Paper/texlive/2025/texmf-dist/tex/generic/pgf/math/pgfmath.code.tex)) (d:/Paper/texlive/2025/texmf-dist/tex/generic/pgf/utilities/pgffor.code.tex
Package: pgffor 2025-08-29 v3.1.11a (3.1.11a)
\pgffor@iter=\dimen311
\pgffor@skip=\dimen312
\pgffor@stack=\toks49
\pgffor@toks=\toks50
)) (d:/Paper/texlive/2025/texmf-dist/tex/generic/pgf/frontendlayer/tikz/tikz.code.tex
Package: tikz 2025-08-29 v3.1.11a (3.1.11a)
 (d:/Paper/texlive/2025/texmf-dist/tex/generic/pgf/libraries/pgflibraryplothandlers.code.tex
File: pgflibraryplothandlers.code.tex 2025-08-29 v3.1.11a (3.1.11a)
\pgf@plot@mark@count=\count377
\pgfplotmarksize=\dimen313
)
\tikz@lastx=\dimen314
\tikz@lasty=\dimen315
\tikz@lastxsaved=\dimen316
\tikz@lastysaved=\dimen317
\tikz@lastmovetox=\dimen318
\tikz@lastmovetoy=\dimen319
\tikzleveldistance=\dimen320
\tikzsiblingdistance=\dimen321
\tikz@figbox=\box75
\tikz@figbox@bg=\box76
\tikz@tempbox=\box77
\tikz@tempbox@bg=\box78
\tikztreelevel=\count378
\tikznumberofchildren=\count379
\tikznumberofcurrentchild=\count380
\tikz@fig@count=\count381
 (d:/Paper/texlive/2025/texmf-dist/tex/generic/pgf/modules/pgfmodulematrix.code.tex
File: pgfmodulematrix.code.tex 2025-08-29 v3.1.11a (3.1.11a)
\pgfmatrixcurrentrow=\count382
\pgfmatrixcurrentcolumn=\count383
\pgf@matrix@numberofcolumns=\count384
)
\tikz@expandcount=\count385
 (d:/Paper/texlive/2025/texmf-dist/tex/generic/pgf/frontendlayer/tikz/libraries/tikzlibrarytopaths.code.tex
File: tikzlibrarytopaths.code.tex 2025-08-29 v3.1.11a (3.1.11a)
))) (d:/Paper/texlive/2025/texmf-dist/tex/generic/pgfplots/pgfplots.code.tex (d:/Paper/texlive/2025/texmf-dist/tex/generic/pgfplots/pgfplotscore.code.tex
\t@pgfplots@toka=\toks51
\t@pgfplots@tokb=\toks52
\t@pgfplots@tokc=\toks53
\pgfplots@tmpa=\dimen322
\c@pgfplots@coordindex=\count386
\c@pgfplots@scanlineindex=\count387
 (d:/Paper/texlive/2025/texmf-dist/tex/generic/pgfplots/sys/pgfplotssysgeneric.code.tex)) (d:/Paper/texlive/2025/texmf-dist/tex/generic/pgfplots/libs/pgfplotslibrary.code.tex) (d:/Paper/texlive/2025/texmf-dist/tex/generic/pgfplots/oldpgfcompatib/pgfplotsoldpgfsupp_loader.code.tex (d:/Paper/texlive/2025/texmf-dist/tex/generic/pgf/libraries/pgflibraryfpu.code.tex) (d:/Paper/texlive/2025/texmf-dist/tex/generic/pgfplots/oldpgfcompatib/pgfplotsoldpgfsupp_pgfutil-common-lists.tex)) (d:/Paper/texlive/2025/texmf-dist/tex/generic/pgfplots/util/pgfplotsutil.code.tex (d:/Paper/texlive/2025/texmf-dist/tex/generic/pgfplots/liststructure/pgfplotsliststructure.code.tex) (d:/Paper/texlive/2025/texmf-dist/tex/generic/pgfplots/liststructure/pgfplotsliststructureext.code.tex) (d:/Paper/texlive/2025/texmf-dist/tex/generic/pgfplots/liststructure/pgfplotsarray.code.tex
\c@pgfplotsarray@tmp=\count388
) (d:/Paper/texlive/2025/texmf-dist/tex/generic/pgfplots/liststructure/pgfplotsmatrix.code.tex) (d:/Paper/texlive/2025/texmf-dist/tex/generic/pgfplots/numtable/pgfplotstableshared.code.tex
\c@pgfplotstable@counta=\count389
\t@pgfplotstable@a=\toks54
) (d:/Paper/texlive/2025/texmf-dist/tex/generic/pgfplots/liststructure/pgfplotsdeque.code.tex) (d:/Paper/texlive/2025/texmf-dist/tex/generic/pgfplots/util/pgfplotsbinary.code.tex (d:/Paper/texlive/2025/texmf-dist/tex/generic/pgfplots/util/pgfplotsbinary.data.code.tex)) (d:/Paper/texlive/2025/texmf-dist/tex/generic/pgfplots/util/pgfplotsutil.verb.code.tex) (d:/Paper/texlive/2025/texmf-dist/tex/generic/pgfplots/libs/pgflibrarypgfplots.surfshading.code.tex
\c@pgfplotslibrarysurf@no=\count390
 (d:/Paper/texlive/2025/texmf-dist/tex/generic/pgfplots/sys/pgflibrarypgfplots.surfshading.pgfsys-pdftex.def))) (d:/Paper/texlive/2025/texmf-dist/tex/generic/pgfplots/util/pgfplotscolormap.code.tex (d:/Paper/texlive/2025/texmf-dist/tex/generic/pgfplots/util/pgfplotscolor.code.tex)) (d:/Paper/texlive/2025/texmf-dist/tex/generic/pgfplots/pgfplotsstackedplots.code.tex) (d:/Paper/texlive/2025/texmf-dist/tex/generic/pgfplots/pgfplotsplothandlers.code.tex (d:/Paper/texlive/2025/texmf-dist/tex/generic/pgfplots/pgfplotsmeshplothandler.code.tex (d:/Paper/texlive/2025/texmf-dist/tex/generic/pgfplots/pgfplotsmeshplotimage.code.tex))) (d:/Paper/texlive/2025/texmf-dist/tex/generic/pgfplots/pgfplots.scaling.code.tex) (d:/Paper/texlive/2025/texmf-dist/tex/generic/pgfplots/pgfplotscoordprocessing.code.tex) (d:/Paper/texlive/2025/texmf-dist/tex/generic/pgfplots/pgfplots.errorbars.code.tex) (d:/Paper/texlive/2025/texmf-dist/tex/generic/pgfplots/pgfplots.markers.code.tex) (d:/Paper/texlive/2025/texmf-dist/tex/generic/pgfplots/pgfplotsticks.code.tex) (d:/Paper/texlive/2025/texmf-dist/tex/generic/pgfplots/pgfplots.paths.code.tex) (d:/Paper/texlive/2025/texmf-dist/tex/generic/pgf/frontendlayer/tikz/libraries/tikzlibrarydecorations.code.tex (d:/Paper/texlive/2025/texmf-dist/tex/generic/pgf/modules/pgfmoduledecorations.code.tex
\pgfdecoratedcompleteddistance=\dimen323
\pgfdecoratedremainingdistance=\dimen324
\pgfdecoratedinputsegmentcompleteddistance=\dimen325
\pgfdecoratedinputsegmentremainingdistance=\dimen326
\pgf@decorate@distancetomove=\dimen327
\pgf@decorate@repeatstate=\count391
\pgfdecorationsegmentamplitude=\dimen328
\pgfdecorationsegmentlength=\dimen329
)
\tikz@lib@dec@box=\box79
) (d:/Paper/texlive/2025/texmf-dist/tex/generic/pgf/frontendlayer/tikz/libraries/tikzlibrarydecorations.pathmorphing.code.tex (d:/Paper/texlive/2025/texmf-dist/tex/generic/pgf/libraries/decorations/pgflibrarydecorations.pathmorphing.code.tex)) (d:/Paper/texlive/2025/texmf-dist/tex/generic/pgf/frontendlayer/tikz/libraries/tikzlibrarydecorations.pathreplacing.code.tex (d:/Paper/texlive/2025/texmf-dist/tex/generic/pgf/libraries/decorations/pgflibrarydecorations.pathreplacing.code.tex)) (d:/Paper/texlive/2025/texmf-dist/tex/generic/pgfplots/libs/tikzlibrarypgfplots.contourlua.code.tex)
\pgfplots@numplots=\count392
\pgfplots@xmin@reg=\dimen330
\pgfplots@xmax@reg=\dimen331
\pgfplots@ymin@reg=\dimen332
\pgfplots@ymax@reg=\dimen333
\pgfplots@zmin@reg=\dimen334
\pgfplots@zmax@reg=\dimen335
) (d:/Paper/texlive/2025/texmf-dist/tex/generic/pgf/frontendlayer/tikz/libraries/tikzlibraryplotmarks.code.tex
File: tikzlibraryplotmarks.code.tex 2025-08-29 v3.1.11a (3.1.11a)
 (d:/Paper/texlive/2025/texmf-dist/tex/generic/pgf/libraries/pgflibraryplotmarks.code.tex
File: pgflibraryplotmarks.code.tex 2025-08-29 v3.1.11a (3.1.11a)
))) (d:/Paper/texlive/2025/texmf-dist/tex/latex/tools/tabularx.sty
Package: tabularx 2023/12/11 v2.12a `tabularx' package (DPC)
\TX@col@width=\dimen336
\TX@old@table=\dimen337
\TX@old@col=\dimen338
\TX@target=\dimen339
\TX@delta=\dimen340
\TX@cols=\count393
\TX@ftn=\toks55
) (d:/Paper/texlive/2025/texmf-dist/tex/generic/pgf/frontendlayer/tikz/libraries/tikzlibrarymatrix.code.tex
File: tikzlibrarymatrix.code.tex 2025-08-29 v3.1.11a (3.1.11a)
) (d:/Paper/texlive/2025/texmf-dist/tex/generic/pgf/frontendlayer/tikz/libraries/tikzlibrarycalc.code.tex
File: tikzlibrarycalc.code.tex 2025-08-29 v3.1.11a (3.1.11a)
) (d:/Paper/texlive/2025/texmf-dist/tex/latex/amscls/amsthm.sty
Package: amsthm 2020/05/29 v2.20.6
\thm@style=\toks56
\thm@bodyfont=\toks57
\thm@headfont=\toks58
\thm@notefont=\toks59
\thm@headpunct=\toks60
\thm@preskip=\skip76
\thm@postskip=\skip77
\thm@headsep=\skip78
\dth@everypar=\toks61
LaTeX Info: Redefining \qed on input line 273.
)
\c@theorem=\count394
\c@definition=\count395
\c@remark=\count396
\c@assumption=\count397
LaTeX Font Info:    Trying to load font information for T1+stix on input line 35.
 (d:/Paper/texlive/2025/texmf-dist/tex/latex/stix/t1stix.fd
File: t1stix.fd 2015/04/17 v1.1.2-latex STIX T1 font definitions
) (./main.aux)
\openout1 = `main.aux'.

LaTeX Font Info:    Checking defaults for OML/cmm/m/it on input line 35.
LaTeX Font Info:    ... okay on input line 35.
LaTeX Font Info:    Checking defaults for OMS/cmsy/m/n on input line 35.
LaTeX Font Info:    ... okay on input line 35.
LaTeX Font Info:    Checking defaults for OT1/cmr/m/n on input line 35.
LaTeX Font Info:    ... okay on input line 35.
LaTeX Font Info:    Checking defaults for T1/cmr/m/n on input line 35.
LaTeX Font Info:    ... okay on input line 35.
LaTeX Font Info:    Checking defaults for TS1/cmr/m/n on input line 35.
LaTeX Font Info:    ... okay on input line 35.
LaTeX Font Info:    Checking defaults for OMX/cmex/m/n on input line 35.
LaTeX Font Info:    ... okay on input line 35.
LaTeX Font Info:    Checking defaults for U/cmr/m/n on input line 35.
LaTeX Font Info:    ... okay on input line 35.
LaTeX Font Info:    Checking defaults for PD1/pdf/m/n on input line 35.
LaTeX Font Info:    ... okay on input line 35.
LaTeX Font Info:    Checking defaults for PU/pdf/m/n on input line 35.
LaTeX Font Info:    ... okay on input line 35.
LaTeX Font Info:    Checking defaults for LS1/stix/m/n on input line 35.
LaTeX Font Info:    Trying to load font information for LS1+stix on input line 35.
 (d:/Paper/texlive/2025/texmf-dist/tex/latex/stix/ls1stix.fd
File: ls1stix.fd 2015/04/17 v1.1.2-latex STIX LS1 font definitions
)
LaTeX Font Info:    ... okay on input line 35.
LaTeX Font Info:    Checking defaults for LS2/stix/m/n on input line 35.
LaTeX Font Info:    Trying to load font information for LS2+stix on input line 35.
 (d:/Paper/texlive/2025/texmf-dist/tex/latex/stix/ls2stix.fd
File: ls2stix.fd 2015/04/17 v1.1.2-latex STIX LS2 font definitions
)
LaTeX Font Info:    ... okay on input line 35.
 (d:/Paper/texlive/2025/texmf-dist/tex/context/base/mkii/supp-pdf.mkii
[Loading MPS to PDF converter (version 2006.09.02).]
\scratchcounter=\count398
\scratchdimen=\dimen341
\scratchbox=\box80
\nofMPsegments=\count399
\nofMParguments=\count400
\everyMPshowfont=\toks62
\MPscratchCnt=\count401
\MPscratchDim=\dimen342
\MPnumerator=\count402
\makeMPintoPDFobject=\count403
\everyMPtoPDFconversion=\toks63
) (d:/Paper/texlive/2025/texmf-dist/tex/latex/epstopdf-pkg/epstopdf-base.sty
Package: epstopdf-base 2020-01-24 v2.11 Base part for package epstopdf
Package epstopdf-base Info: Redefining graphics rule for `.eps' on input line 485.
 (d:/Paper/texlive/2025/texmf-dist/tex/latex/latexconfig/epstopdf-sys.cfg
File: epstopdf-sys.cfg 2010/07/13 v1.3 Configuration of (r)epstopdf for TeX Live
))
LaTeX Info: Command `\dddot' is already robust on input line 35.
LaTeX Info: Command `\ddddot' is already robust on input line 35.
Package hyperref Info: Link coloring ON on input line 35.
 (./main.out) (./main.out)
\@outlinefile=\write4
\openout4 = `main.out'.

 (d:/Paper/texlive/2025/texmf-dist/tex/latex/upquote/upquote.sty
Package: upquote 2012/04/19 v1.3 upright-quote and grave-accent glyphs in verbatim
)
*geometry* driver: auto-detecting
*geometry* detected driver: pdftex
*geometry* verbose mode - [ preamble ] result:
* driver: pdftex
* paper: custom
* layout: <same size as paper>
* layoutoffset:(h,v)=(0.0pt,0.0pt)
* modes: 
* h-part:(L,W,R)=(51.4995pt, 494.50888pt, 51.4995pt)
* v-part:(T,H,B)=(55.48286pt, 689.4103pt, 51.784pt)
* \paperwidth=597.50787pt
* \paperheight=796.67715pt
* \textwidth=494.50888pt
* \textheight=689.4103pt
* \oddsidemargin=-20.7705pt
* \evensidemargin=-20.7705pt
* \topmargin=-40.78712pt
* \headheight=12.0pt
* \headsep=12.0pt
* \topskip=10.0pt
* \footskip=12.0pt
* \marginparwidth=57.0pt
* \marginparsep=11.0pt
* \columnsep=18.0pt
* \skip\footins=9.0pt plus 4.0pt minus 2.0pt
* \hoffset=0.0pt
* \voffset=0.0pt
* \mag=1000
* \@twocolumnfalse
* \@twosidefalse
* \@mparswitchfalse
* \@reversemarginfalse
* (1in=72.27pt=25.4mm, 1cm=28.453pt)

Package pgfplots notification 'compat/show suggested version=true': document has been generated with the most recent feature set (\pgfplotsset{compat=1.18}).


Package hyperref Warning: Token not allowed in a PDF string (Unicode):
(hyperref)                removing `\corref' on input line 44.

\verbatim@out=\write5
\openout5 = `main.abs'.

LaTeX Font Info:    Trying to load font information for LS1+stixscr on input line 66.
(d:/Paper/texlive/2025/texmf-dist/tex/latex/stix/ls1stixscr.fd
File: ls1stixscr.fd 2015/04/17 v1.1.2-latex STIX script LS1 font definitions
)
LaTeX Font Info:    Trying to load font information for LS2+stixex on input line 66.
 (d:/Paper/texlive/2025/texmf-dist/tex/latex/stix/ls2stixex.fd
File: ls2stixex.fd 2015/04/17 v1.1.2-latex STIX extentions LS2 font definitions
)
LaTeX Font Info:    Trying to load font information for U+msa on input line 66.
 (d:/Paper/texlive/2025/texmf-dist/tex/latex/amsfonts/umsa.fd
File: umsa.fd 2013/01/14 v3.01 AMS symbols A
)
LaTeX Font Info:    Trying to load font information for U+msb on input line 66.
 (d:/Paper/texlive/2025/texmf-dist/tex/latex/amsfonts/umsb.fd
File: umsb.fd 2013/01/14 v3.01 AMS symbols B
)
LaTeX Font Info:    Trying to load font information for LS1+stixfrak on input line 66.
 (d:/Paper/texlive/2025/texmf-dist/tex/latex/stix/ls1stixfrak.fd
File: ls1stixfrak.fd 2015/04/17 v1.1.2-latex STIX fraktur LS1 font definitions
)
LaTeX Font Info:    Trying to load font information for LS1+stixbb on input line 66.
 (d:/Paper/texlive/2025/texmf-dist/tex/latex/stix/ls1stixbb.fd
File: ls1stixbb.fd 2015/04/17 v1.1.2-latex STIX blackboard LS1 font definitions
)
LaTeX Font Info:    Trying to load font information for LS2+stixcal on input line 66.
 (d:/Paper/texlive/2025/texmf-dist/tex/latex/stix/ls2stixcal.fd
File: ls2stixcal.fd 2015/04/17 v1.1.2-latex STIX calligraphic LS2 font definitions
)
LaTeX Font Info:    Trying to load font information for LS1+stixsf on input line 66.
 (d:/Paper/texlive/2025/texmf-dist/tex/latex/stix/ls1stixsf.fd
File: ls1stixsf.fd 2015/04/17 v1.1.2-latex STIX sans-serif LS1 font definitions
)
LaTeX Font Info:    Trying to load font information for LS2+stixtt on input line 66.
 (d:/Paper/texlive/2025/texmf-dist/tex/latex/stix/ls2stixtt.fd
File: ls2stixtt.fd 2015/04/17 v1.1.2-latex STIX typewriter LS2 font definitions
)
Overfull \hbox (123.62721pt too wide) detected at line 66
[]
 []

(./main.abs)

Package hyperref Warning: Ignoring empty anchor on input line 66.


Package hyperref Warning: Ignoring empty anchor on input line 66.

<thumbnails/cas-email.jpeg, id=7, 225.84375pt x 225.84375pt>
File: thumbnails/cas-email.jpeg Graphic file (type jpg)
<use thumbnails/cas-email.jpeg>
Package pdftex.def Info: thumbnails/cas-email.jpeg  used on input line 66.
(pdftex.def)             Requested size: 7.99838pt x 8.0pt.
LaTeX Font Info:    Trying to load font information for T1+zi4 on input line 66.
(d:/Paper/texlive/2025/texmf-dist/tex/latex/inconsolata/t1zi4.fd
File: t1zi4.fd 2018/01/14 T1/zi4 (Inconsolata)
)
LaTeX Font Info:    Font shape `T1/zi4/m/n' will be
(Font)              scaled to size 6.80005pt on input line 66.


Package hyperref Warning: Ignoring empty anchor on input line 66.

LaTeX Font Info:    Trying to load font information for TS1+stix on input line 93.
(d:/Paper/texlive/2025/texmf-dist/tex/latex/stix/ts1stix.fd
File: ts1stix.fd 2015/04/17 v1.1.2-latex STIX TS1 font definitions
)
Overfull \hbox (5.4855pt too wide) in paragraph at lines 104--105
[]\T1/stix/m/n/10 This ob-ser-va-tion sug-gests that tree-based crossover should
 []


Overfull \hbox (20.35551pt too wide) in paragraph at lines 104--105
\T1/stix/m/n/10 pro-duce higher-quality off-spring than coordinate-based crossover,
 []

[1{d:/Paper/texlive/2025/texmf-var/fonts/map/pdftex/updmap/pdftex.map}{d:/Paper/texlive/2025/texmf-dist/fonts/enc/dvips/stix/stix-t1.enc}


{d:/Paper/texlive/2025/texmf-dist/fonts/enc/dvips/stix/stix-ts1.enc}{d:/Paper/texlive/2025/texmf-dist/fonts/enc/dvips/inconsolata/i4-t1-0.enc}{d:/Paper/texlive/2025/texmf-dist/fonts/enc/dvips/cm-super/cm-super-t1.enc} <./thumbnails/cas-email.jpeg>]
Underfull \hbox (badness 1783) in paragraph at lines 159--160
[]\T1/stix/m/n/10 In com-puter graph-ics, patch-based tex-ture syn-the-sis
 []

[2]

LaTeX Warning: No positions in optional float specifier.
               Default added (so using `') on input line 223.


Overfull \hbox (7.78969pt too wide) in paragraph at lines 278--279
[]\T1/stix/m/it/10 Area-based 2D-SSP \T1/stix/m/n/10 (2D-SSP$[]$): find a 2D-superstring
 []


Overfull \hbox (10.56218pt too wide) in paragraph at lines 279--280
[]\T1/stix/m/it/10 Square-based 2D-SSP \T1/stix/m/n/10 (2D-SSP$[]$): find a 2D-superstring
 []


Overfull \hbox (22.67703pt too wide) detected at line 318
 $[][]\LS1/stix/m/n/10 .\LS1/stix/m/it/10 p\LS1/stix/m/n/10 / := \LS1/stix/m/it/10 W\LS1/stix/m/n/10 .\LS1/stix/m/it/10 p\LS1/stix/m/n/10 / \LS1/stixscr/m/n/10 ^^L \LS1/stix/m/it/10 H\LS1/stix/m/n/10 .\LS1/stix/m/it/10 p\LS1/stix/m/n/10 /\LS1/stix/m/it/10 ;  [][]\LS1/stix/m/n/10 .\LS1/stix/m/it/10 p\LS1/stix/m/n/10 / := []^\LS1/stix/m/it/10 W\LS1/stix/m/n/10 .\LS1/stix/m/it/10 p\LS1/stix/m/n/10 /\LS1/stix/m/it/10 ; H\LS1/stix/m/n/10 .\LS1/stix/m/it/10 p\LS1/stix/m/n/10 /`\LS1/stix/m/it/10 :$ 
 []

[3]
Underfull \hbox (badness 1472) in paragraph at lines 402--403
\T1/stix/m/it/10 ei-ther cost vari-ant). \T1/stix/m/n/10 Let $\LS1/stix/m/it/10 B\LS1/stix/m/n/10 .\LS1/stix/m/it/10 p\LS1/stix/m/n/10 / = [\LS1/stix/m/it/10 x[]; x[]\LS1/stix/m/n/10 ] 
 []


Overfull \hbox (35.89252pt too wide) detected at line 416
[]
 []

[4] [5]
Overfull \hbox (2.53883pt too wide) in paragraph at lines 584--588
[]\T1/stix/m/n/10 By fea-si-bil-ity, the re-al-iza-tion $\LS1/stix/m/it/10 p[]$ \T1/stix/m/n/10 is symbol-consistent.
 []


Underfull \hbox (badness 1558) in paragraph at lines 669--670
[]\T1/stix/m/n/10 Having es-tab-lished the struc-tural foun-da-tion link-ing
 []

[6
pdfTeX warning (ext4): destination with the same identifier (name{table.1}) has been already used, duplicate ignored
<argument> ...shipout:D \box_use:N \l_shipout_box 
                                                  \__shipout_drop_firstpage_...
l.673 
      ]
Underfull \hbox (badness 1158) in paragraph at lines 676--677
[]\T1/stix/m/n/10 A \T1/stix/m/it/10 tree-based ge-netic al-go-rithm \T1/stix/m/n/10 (Sec-tion [][]4.3[][]) that
 []


Overfull \hbox (8.03436pt too wide) detected at line 728
 $[][]$  
 []

[7]
Overfull \hbox (2.721pt too wide) detected at line 812
 $\LS1/stix/m/it/10 b[] \LS1/stix/m/n/10 + \LS1/stix/m/it/10 b[]  \LS2/stixcal/m/n/10 f  \LS1/stix/m/n/10 1  \LS1/stix/m/it/10 i < j;  \LS1/stix/m/n/10  \LS1/stix/m/it/10 o \LS1/stix/m/n/10  \LS2/stixcal/m/n/10 O[]\LS1/stix/m/it/10 ;  \LS1/stix/m/n/10  \LS1/stix/m/it/10 o[] \LS1/stix/m/n/10  \LS2/stixcal/m/n/10 O[][]\LS1/stix/m/it/10 ^^T[] \LS1/stix/m/n/10 = 1\LS1/stix/m/it/10 :$  
 []


Overfull \hbox (46.53339pt too wide) detected at line 879
[]
 []


Overfull \hbox (11.04874pt too wide) in paragraph at lines 905--912
\T1/stix/m/n/10 These con-straints de-fine the con-vex hull of all triples $\LS1/stix/m/n/10 .\LS1/stix/m/it/10 W; H; A\LS1/stix/m/n/10 /$
 []


Overfull \hbox (46.62338pt too wide) detected at line 921
[]
 []

[8]
Overfull \hbox (12.64034pt too wide) detected at line 959
 $[][]\LS1/stix/m/n/10 .\LS1/stix/m/it/10 C\LS1/stix/m/n/10 / = []^\LS1/stix/m/it/10 w\LS1/stix/m/n/10 .\LS1/stix/m/it/10 C\LS1/stix/m/n/10 /\LS1/stix/m/it/10 ; h\LS1/stix/m/n/10 .\LS1/stix/m/it/10 C\LS1/stix/m/n/10 /` [] [][].\LS1/stix/m/it/10 C\LS1/stix/m/n/10 / = \LS1/stix/m/it/10 w\LS1/stix/m/n/10 .\LS1/stix/m/it/10 C\LS1/stix/m/n/10 / \LS1/stixscr/m/n/10 ^^L \LS1/stix/m/it/10 h\LS1/stix/m/n/10 .\LS1/stix/m/it/10 C\LS1/stix/m/n/10 /$ 
 []


Overfull \hbox (3.98553pt too wide) in paragraph at lines 974--976
\T1/stix/m/n/10 Symbol-consistency of these can-di-date place-ments is checked
 []


Overfull \hbox (53.95537pt too wide) detected at line 1025
 $[][]\LS1/stix/m/n/10 .\LS1/stix/m/it/10 p[]\LS1/stix/m/n/10 / = \LS1/stix/m/it/10 W\LS1/stix/m/n/10 .\LS1/stix/m/it/10 p[]\LS1/stix/m/n/10 / \LS1/stixscr/m/n/10 ^^L \LS1/stix/m/it/10 H\LS1/stix/m/n/10 .\LS1/stix/m/it/10 p[]\LS1/stix/m/n/10 / [] [][].\LS1/stix/m/it/10 p[]\LS1/stix/m/n/10 / = []^\LS1/stix/m/it/10 W\LS1/stix/m/n/10 .\LS1/stix/m/it/10 p[]\LS1/stix/m/n/10 /\LS1/stix/m/it/10 ; H\LS1/stix/m/n/10 .\LS1/stix/m/it/10 p[]\LS1/stix/m/n/10 /`\LS1/stix/m/it/10 ;$ 
 []

[9]

LaTeX Warning: Reference `alg:ga' on page 10 undefined on input line 1047.


Underfull \hbox (badness 1983) in paragraph at lines 1047--1053
\T1/stix/m/n/10 stochas-tic per-tur-ba-tions. In each gen-er-a-tion we de-code
 []


LaTeX Warning: Reference `alg:tree-crossover' on page 10 undefined on input line 1056.

[10]
Underfull \hbox (badness 1199) in paragraph at lines 1146--1150
[]\T1/stix/m/n/10 Tables [][]2[][]--[][]4[][] sum-ma-rize the mean square cost $\LS1/stix/m/it/10 f[]\LS1/stix/m/n/10 .\LS1/stix/m/it/10 p\LS1/stix/m/n/10 /$
 []


LaTeX Warning: No positions in optional float specifier.
               Default added (so using `') on input line 1226.


LaTeX Warning: No positions in optional float specifier.
               Default added (so using `') on input line 1280.

Package pgfplots info on input line 1294: Using 'lua backend=false' for axis: ymode=log unsupported (yet).
[11
pdfTeX warning (ext4): destination with the same identifier (name{table.2}) has been already used, duplicate ignored
<argument> ...shipout:D \box_use:N \l_shipout_box 
                                                  \__shipout_drop_firstpage_...
l.1387 \end{table}
                  
pdfTeX warning (ext4): destination with the same identifier (name{table.3}) has been already used, duplicate ignored
<argument> ...shipout:D \box_use:N \l_shipout_box 
                                                  \__shipout_drop_firstpage_...
l.1387 \end{table}
                  
pdfTeX warning (ext4): destination with the same identifier (name{table.4}) has been already used, duplicate ignored
<argument> ...shipout:D \box_use:N \l_shipout_box 
                                                  \__shipout_drop_firstpage_...
l.1387 \end{table}
                  ]

LaTeX Warning: No positions in optional float specifier.
               Default added (so using `') on input line 1410.


Overfull \hbox (24.57774pt too wide) in paragraph at lines 1451--1452
 [][] 
 []

Package pgfplots info on input line 1480: Using 'lua backend=false' for axis: ymode=log unsupported (yet).
LaTeX Font Info:    Font shape `T1/zi4/m/n' will be
(Font)              scaled to size 8.50006pt on input line 1512.

Overfull \hbox (34.28685pt too wide) in paragraph at lines 1512--1513
[]\T1/stix/m/n/10 the to-tal num-ber of crossover op-er-a-tions, $\LS1/stix/m/it/10 C$ \T1/stix/m/n/10 (\T1/zi4/m/n/10 total_crossovers\T1/stix/m/n/10 ); 
 []


Underfull \hbox (badness 10000) in paragraph at lines 1535--1535
[]\T1/stix/m/n/10 repair rate: frac-tion of
 []


Underfull \hbox (badness 2564) in paragraph at lines 1535--1535
\T1/stix/m/n/10 crossovers that need greedy
 []


Underfull \hbox (badness 10000) in paragraph at lines 1535--1535
[]\T1/stix/m/n/10 share of string place-ments
 []


Underfull \hbox (badness 10000) in paragraph at lines 1535--1535
\T1/stix/m/n/10 com-ing from greedy
 []


Underfull \hbox (badness 4429) in paragraph at lines 1535--1535
[]\T1/stix/m/n/10 ``completion rate'': share of
 []


Underfull \hbox (badness 10000) in paragraph at lines 1535--1535
\T1/stix/m/n/10 strings placed di-rectly by
 []


Underfull \hbox (badness 10000) in paragraph at lines 1535--1535
[]\T1/stix/m/n/10 repair rate: frac-tion of
 []


Underfull \hbox (badness 2564) in paragraph at lines 1535--1535
\T1/stix/m/n/10 crossovers that need greedy
 []


Underfull \hbox (badness 10000) in paragraph at lines 1535--1535
[]\T1/stix/m/n/10 share of string place-ments
 []


Underfull \hbox (badness 10000) in paragraph at lines 1535--1535
\T1/stix/m/n/10 com-ing from greedy
 []


Underfull \hbox (badness 4429) in paragraph at lines 1535--1535
[]\T1/stix/m/n/10 ``completion rate'': share of
 []


Underfull \hbox (badness 10000) in paragraph at lines 1535--1535
\T1/stix/m/n/10 strings placed di-rectly by
 []


Overfull \hbox (1.42876pt too wide) detected at line 1535
[]
 []

[12
pdfTeX warning (ext4): destination with the same identifier (name{table.5}) has been already used, duplicate ignored
<argument> ...shipout:D \box_use:N \l_shipout_box 
                                                  \__shipout_drop_firstpage_...
l.1562   \item A
                t the string level, only a very small fraction of the soluti...
pdfTeX warning (ext4): destination with the same identifier (name{table.6}) has been already used, duplicate ignored
<argument> ...shipout:D \box_use:N \l_shipout_box 
                                                  \__shipout_drop_firstpage_...
l.1562   \item A
                t the string level, only a very small fraction of the soluti...
pdfTeX warning (ext4): destination with the same identifier (name{table.7}) has been already used, duplicate ignored
<argument> ...shipout:D \box_use:N \l_shipout_box 
                                                  \__shipout_drop_firstpage_...
l.1562   \item A
                t the string level, only a very small fraction of the soluti...]
Overfull \hbox (30.11049pt too wide) in paragraph at lines 1660--1661
[]\T1/stix/m/it/10 Approximation al-go-rithms. \T1/stix/m/n/10 Can the greedy $\LS1/stix/m/n/10 2\LS1/stix/m/it/10 :\LS1/stix/m/n/10 5$\T1/stix/m/n/10 -approximation
 []

[13
pdfTeX warning (ext4): destination with the same identifier (name{table.8}) has been already used, duplicate ignored
<argument> ...shipout:D \box_use:N \l_shipout_box 
                                                  \__shipout_drop_firstpage_...
l.1662     \item \emph
                      {Hardness results.} Establishing the precise computati...]
Underfull \hbox (badness 1210) in paragraph at lines 1664--1665
[]\T1/stix/m/it/10 Alternative ob-jec-tives. \T1/stix/m/n/10 Be-yond bounding-box cost,
 []


Overfull \hbox (1.70558pt too wide) in paragraph at lines 1664--1665
\T1/stix/m/n/10 or con-sider weighted com-bi-na-tions of area and perime-
 []


Underfull \hbox (badness 1708) in paragraph at lines 1668--1669
[]\T1/stix/m/it/10 Applications. \T1/stix/m/n/10 The placement-tree per-spec-tive may
 []


Underfull \hbox (badness 1122) in paragraph at lines 1671--1672
[]\T1/stix/m/n/10 More broadly, the placement-tree rep-re-sen-ta-tion and
 []

(./main.bbl) [14] [15
pdfTeX warning (ext4): destination with the same identifier (name{figure.1}) has been already used, duplicate ignored
<argument> ...shipout:D \box_use:N \l_shipout_box 
                                                  \__shipout_drop_firstpage_...
l.1688 \end{document}
                     
pdfTeX warning (ext4): destination with the same identifier (name{figure.2}) has been already used, duplicate ignored
<argument> ...shipout:D \box_use:N \l_shipout_box 
                                                  \__shipout_drop_firstpage_...
l.1688 \end{document}
                     
pdfTeX warning (ext4): destination with the same identifier (name{figure.3}) has been already used, duplicate ignored
<argument> ...shipout:D \box_use:N \l_shipout_box 
                                                  \__shipout_drop_firstpage_...
l.1688 \end{document}
                     
pdfTeX warning (ext4): destination with the same identifier (name{figure.4}) has been already used, duplicate ignored
<argument> ...shipout:D \box_use:N \l_shipout_box 
                                                  \__shipout_drop_firstpage_...
l.1688 \end{document}
                     
pdfTeX warning (ext4): destination with the same identifier (name{figure.5}) has been already used, duplicate ignored
<argument> ...shipout:D \box_use:N \l_shipout_box 
                                                  \__shipout_drop_firstpage_...
l.1688 \end{document}
                     
pdfTeX warning (ext4): destination with the same identifier (name{figure.6}) has been already used, duplicate ignored
<argument> ...shipout:D \box_use:N \l_shipout_box 
                                                  \__shipout_drop_firstpage_...
l.1688 \end{document}
                     
pdfTeX warning (ext4): destination with the same identifier (name{figure.7}) has been already used, duplicate ignored
<argument> ...shipout:D \box_use:N \l_shipout_box 
                                                  \__shipout_drop_firstpage_...
l.1688 \end{document}
                     ] (./main.aux)
 ***********
LaTeX2e <2025-11-01>
L3 programming layer <2025-11-14>
 ***********


LaTeX Warning: There were undefined references.

Package rerunfilecheck Info: File `main.out' has not changed.
(rerunfilecheck)             Checksum: D41D8CD98F00B204E9800998ECF8427E;0.
 ) 
Here is how much of TeX's memory you used:
 39058 strings out of 467538
 854917 string characters out of 5420598
 1464117 words of memory out of 5000000
 67176 multiletter control sequences out of 15000+600000
 751432 words of font info for 203 fonts, out of 8000000 for 9000
 1141 hyphenation exceptions out of 8191
 99i,19n,108p,1450b,2383s stack positions out of 10000i,1000n,20000p,200000b,200000s
<d:/Paper/texlive/2025/texmf-dist/fonts/type1/public/inconsolata/Inconsolata-zi4r.pfb><d:/Paper/texlive/2025/texmf-dist/fonts/type1/public/stix/STIXGeneral-Bold.pfb><d:/Paper/texlive/2025/texmf-dist/fonts/type1/public/stix/STIXGeneral-BoldItalic.pfb><d:/Paper/texlive/2025/texmf-dist/fonts/type1/public/stix/STIXGeneral-Italic.pfb><d:/Paper/texlive/2025/texmf-dist/fonts/type1/public/stix/STIXGeneral-Regular.pfb><d:/Paper/texlive/2025/texmf-dist/fonts/type1/public/cm-super/sfss0800.pfb><d:/Paper/texlive/2025/texmf-dist/fonts/type1/public/cm-super/sfss0900.pfb><d:/Paper/texlive/2025/texmf-dist/fonts/type1/public/cm-super/sfsx0900.pfb><d:/Paper/texlive/2025/texmf-dist/fonts/type1/public/stix/stix-mathbb.pfb><d:/Paper/texlive/2025/texmf-dist/fonts/type1/public/stix/stix-mathcal.pfb><d:/Paper/texlive/2025/texmf-dist/fonts/type1/public/stix/stix-mathex.pfb><d:/Paper/texlive/2025/texmf-dist/fonts/type1/public/stix/stix-mathit.pfb><d:/Paper/texlive/2025/texmf-dist/fonts/type1/public/stix/stix-mathrm.pfb><d:/Paper/texlive/2025/texmf-dist/fonts/type1/public/stix/stix-mathscr.pfb><d:/Paper/texlive/2025/texmf-dist/fonts/type1/public/stix/stix-mathsf.pfb>
Output written on main.pdf (15 pages, 392214 bytes).
PDF statistics:
 449 PDF objects out of 1000 (max. 8388607)
 347 compressed objects within 4 object streams
 128 named destinations out of 1000 (max. 500000)
 18 words of extra memory for PDF output out of 10000 (max. 10000000)

